2026-02-10 15:34:02,250 - ecopetrol.utils - INFO - Directorio creado: C:/Users/jcespedes/Documents/Code/desarrollo/Prefacturas septiembre tx0\resultados
2026-02-10 15:34:02,251 - ecopetrol.utils - INFO - Directorio creado: C:/Users/jcespedes/Documents/Code/desarrollo/Prefacturas septiembre tx0\resultados\csv
2026-02-10 15:34:02,254 - ecopetrol.main - INFO - Se encontraron 72 archivos PDF para procesar
2026-02-10 15:34:02,254 - ecopetrol.main - INFO - Iniciando procesamiento consolidado de facturas
2026-02-10 15:35:00,356 - ecopetrol.exportacion_batch - INFO - Procesada factura con código SIC: Frt18951
2026-02-10 15:35:00,357 - ecopetrol.exportacion_batch - INFO - Período de facturación: 2025-09-01
2026-02-10 15:35:00,358 - ecopetrol.exportacion_batch - INFO - Procesada factura con código SIC: Frt08513
2026-02-10 15:35:00,358 - ecopetrol.exportacion_batch - INFO - Período de facturación: 2025-09-01
2026-02-10 15:35:00,358 - ecopetrol.exportacion_batch - INFO - Procesada factura con código SIC: CFP11002
2026-02-10 15:35:00,358 - ecopetrol.exportacion_batch - INFO - Período de facturación: 2025-09-01
2026-02-10 15:35:00,358 - ecopetrol.exportacion_batch - INFO - Procesada factura con código SIC: Frt07999
2026-02-10 15:35:00,358 - ecopetrol.exportacion_batch - INFO - Período de facturación: 2025-09-01
2026-02-10 15:35:00,359 - ecopetrol.exportacion_batch - INFO - Procesada factura con código SIC: Frt76524
2026-02-10 15:35:00,359 - ecopetrol.exportacion_batch - INFO - Período de facturación: 2025-09-01
2026-02-10 15:35:00,359 - ecopetrol.exportacion_batch - INFO - Procesada factura con código SIC: Frt72653
2026-02-10 15:35:00,359 - ecopetrol.exportacion_batch - INFO - Período de facturación: 2025-09-01
2026-02-10 15:35:00,359 - ecopetrol.exportacion_batch - INFO - Procesada factura con código SIC: Frt02228
2026-02-10 15:35:00,359 - ecopetrol.exportacion_batch - INFO - Período de facturación: 2025-09-01
2026-02-10 15:35:00,359 - ecopetrol.exportacion_batch - INFO - Procesada factura con código SIC: Frt02918
2026-02-10 15:35:00,360 - ecopetrol.exportacion_batch - INFO - Período de facturación: 2025-09-01
2026-02-10 15:35:00,360 - ecopetrol.exportacion_batch - INFO - Procesada factura con código SIC: Frt33506
2026-02-10 15:35:00,360 - ecopetrol.exportacion_batch - INFO - Período de facturación: 2025-09-01
2026-02-10 15:35:00,360 - ecopetrol.exportacion_batch - INFO - Procesada factura con código SIC: Frt56504
2026-02-10 15:35:00,360 - ecopetrol.exportacion_batch - INFO - Período de facturación: 2025-09-01
2026-02-10 15:35:00,360 - ecopetrol.exportacion_batch - INFO - Procesada factura con código SIC: Frt14461
2026-02-10 15:35:00,360 - ecopetrol.exportacion_batch - INFO - Período de facturación: 2025-09-01
2026-02-10 15:35:00,361 - ecopetrol.exportacion_batch - INFO - Procesada factura con código SIC: CFP05038
2026-02-10 15:35:00,361 - ecopetrol.exportacion_batch - INFO - Período de facturación: 2025-09-01
2026-02-10 15:35:00,361 - ecopetrol.exportacion_batch - INFO - Procesada factura con código SIC: Frt05857
2026-02-10 15:35:00,361 - ecopetrol.exportacion_batch - INFO - Período de facturación: 2025-09-01
2026-02-10 15:35:00,361 - ecopetrol.exportacion_batch - INFO - Procesada factura con código SIC: Frt11545
2026-02-10 15:35:00,361 - ecopetrol.exportacion_batch - INFO - Período de facturación: 2025-09-01
2026-02-10 15:35:00,361 - ecopetrol.exportacion_batch - INFO - Procesada factura con código SIC: Frt04803
2026-02-10 15:35:00,362 - ecopetrol.exportacion_batch - INFO - Período de facturación: 2025-09-01
2026-02-10 15:35:00,362 - ecopetrol.exportacion_batch - INFO - Procesada factura con código SIC: Frt18613
2026-02-10 15:35:00,363 - ecopetrol.exportacion_batch - INFO - Período de facturación: 2025-09-01
2026-02-10 15:35:00,363 - ecopetrol.exportacion_batch - INFO - Procesada factura con código SIC: Frt10098
2026-02-10 15:35:00,363 - ecopetrol.exportacion_batch - INFO - Período de facturación: 2025-09-01
2026-02-10 15:35:00,363 - ecopetrol.exportacion_batch - INFO - Procesada factura con código SIC: Frt05004
2026-02-10 15:35:00,363 - ecopetrol.exportacion_batch - INFO - Período de facturación: 2025-09-01
2026-02-10 15:35:00,363 - ecopetrol.exportacion_batch - INFO - Procesada factura con código SIC: Frt03821
2026-02-10 15:35:00,363 - ecopetrol.exportacion_batch - INFO - Período de facturación: 2025-09-01
2026-02-10 15:35:00,364 - ecopetrol.exportacion_batch - INFO - Procesada factura con código SIC: Frt03281
2026-02-10 15:35:00,364 - ecopetrol.exportacion_batch - INFO - Período de facturación: 2025-09-01
2026-02-10 15:35:00,364 - ecopetrol.exportacion_batch - INFO - Procesada factura con código SIC: Frt01505
2026-02-10 15:35:00,364 - ecopetrol.exportacion_batch - INFO - Período de facturación: 2025-09-01
2026-02-10 15:35:00,364 - ecopetrol.exportacion_batch - INFO - Procesada factura con código SIC: Frt10407
2026-02-10 15:35:00,365 - ecopetrol.exportacion_batch - INFO - Período de facturación: 2025-09-01
2026-02-10 15:35:00,365 - ecopetrol.exportacion_batch - INFO - Procesada factura con código SIC: Frt10408
2026-02-10 15:35:00,365 - ecopetrol.exportacion_batch - INFO - Período de facturación: 2025-09-01
2026-02-10 15:35:00,367 - ecopetrol.exportacion_batch - INFO - Procesada factura con código SIC: Frt04682
2026-02-10 15:35:00,367 - ecopetrol.exportacion_batch - INFO - Período de facturación: 2025-09-01
2026-02-10 15:35:00,367 - ecopetrol.exportacion_batch - INFO - Procesada factura con código SIC: Frt04683
2026-02-10 15:35:00,367 - ecopetrol.exportacion_batch - INFO - Período de facturación: 2025-09-01
2026-02-10 15:35:00,368 - ecopetrol.exportacion_batch - INFO - Procesada factura con código SIC: Frt07854
2026-02-10 15:35:00,368 - ecopetrol.exportacion_batch - INFO - Período de facturación: 2025-09-01
2026-02-10 15:35:00,368 - ecopetrol.exportacion_batch - INFO - Procesada factura con código SIC: Frt28759
2026-02-10 15:35:00,368 - ecopetrol.exportacion_batch - INFO - Período de facturación: 2025-09-01
2026-02-10 15:35:00,369 - ecopetrol.exportacion_batch - INFO - Procesada factura con código SIC: Frt65599
2026-02-10 15:35:00,369 - ecopetrol.exportacion_batch - INFO - Período de facturación: 2025-09-01
2026-02-10 15:35:00,369 - ecopetrol.exportacion_batch - INFO - Procesada factura con código SIC: Frt00698
2026-02-10 15:35:00,370 - ecopetrol.exportacion_batch - INFO - Período de facturación: 2025-09-01
2026-02-10 15:35:00,370 - ecopetrol.exportacion_batch - INFO - Procesada factura con código SIC: Frt10931
2026-02-10 15:35:00,370 - ecopetrol.exportacion_batch - INFO - Período de facturación: 2025-09-01
2026-02-10 15:35:00,370 - ecopetrol.exportacion_batch - INFO - Procesada factura con código SIC: Frt00697
2026-02-10 15:35:00,370 - ecopetrol.exportacion_batch - INFO - Período de facturación: 2025-09-01
2026-02-10 15:35:00,370 - ecopetrol.exportacion_batch - INFO - Procesada factura con código SIC: Frt11417
2026-02-10 15:35:00,370 - ecopetrol.exportacion_batch - INFO - Período de facturación: 2025-09-01
2026-02-10 15:35:00,370 - ecopetrol.exportacion_batch - INFO - Procesada factura con código SIC: Frt03216
2026-02-10 15:35:00,370 - ecopetrol.exportacion_batch - INFO - Período de facturación: 2025-09-01
2026-02-10 15:35:00,370 - ecopetrol.exportacion_batch - INFO - Procesada factura con código SIC: Frt01251
2026-02-10 15:35:00,372 - ecopetrol.exportacion_batch - INFO - Período de facturación: 2025-09-01
2026-02-10 15:35:00,372 - ecopetrol.exportacion_batch - INFO - Procesada factura con código SIC: Frt10978
2026-02-10 15:35:00,372 - ecopetrol.exportacion_batch - INFO - Período de facturación: 2025-09-01
2026-02-10 15:35:00,372 - ecopetrol.exportacion_batch - INFO - Procesada factura con código SIC: Frt24980
2026-02-10 15:35:00,372 - ecopetrol.exportacion_batch - INFO - Período de facturación: 2025-09-01
2026-02-10 15:35:00,372 - ecopetrol.exportacion_batch - INFO - Procesada factura con código SIC: Frt04445
2026-02-10 15:35:00,372 - ecopetrol.exportacion_batch - INFO - Período de facturación: 2025-09-01
2026-02-10 15:35:00,373 - ecopetrol.exportacion_batch - INFO - Procesada factura con código SIC: Frt07008
2026-02-10 15:35:00,373 - ecopetrol.exportacion_batch - INFO - Período de facturación: 2025-09-01
2026-02-10 15:35:00,373 - ecopetrol.exportacion_batch - INFO - Procesada factura con código SIC: Frt00970
2026-02-10 15:35:00,373 - ecopetrol.exportacion_batch - INFO - Período de facturación: 2025-09-01
2026-02-10 15:35:00,373 - ecopetrol.exportacion_batch - INFO - Procesada factura con código SIC: Frt05713
2026-02-10 15:35:00,373 - ecopetrol.exportacion_batch - INFO - Período de facturación: 2025-09-01
2026-02-10 15:35:00,374 - ecopetrol.exportacion_batch - INFO - Procesada factura con código SIC: Frt04201
2026-02-10 15:35:00,374 - ecopetrol.exportacion_batch - INFO - Período de facturación: 2025-09-01
2026-02-10 15:35:00,374 - ecopetrol.exportacion_batch - INFO - Procesada factura con código SIC: Frt10187
2026-02-10 15:35:00,374 - ecopetrol.exportacion_batch - INFO - Período de facturación: 2025-09-01
2026-02-10 15:35:00,374 - ecopetrol.exportacion_batch - INFO - Procesada factura con código SIC: Frt05697
2026-02-10 15:35:00,375 - ecopetrol.exportacion_batch - INFO - Período de facturación: 2025-09-01
2026-02-10 15:35:00,375 - ecopetrol.exportacion_batch - INFO - Procesada factura con código SIC: Frt11029
2026-02-10 15:35:00,375 - ecopetrol.exportacion_batch - INFO - Período de facturación: 2025-09-01
2026-02-10 15:35:00,375 - ecopetrol.exportacion_batch - INFO - Procesada factura con código SIC: Frt11030
2026-02-10 15:35:00,376 - ecopetrol.exportacion_batch - INFO - Período de facturación: 2025-09-01
2026-02-10 15:35:00,376 - ecopetrol.exportacion_batch - INFO - Procesada factura con código SIC: Frt00931
2026-02-10 15:35:00,376 - ecopetrol.exportacion_batch - INFO - Período de facturación: 2025-09-01
2026-02-10 15:35:00,376 - ecopetrol.exportacion_batch - INFO - Procesada factura con código SIC: CFP24041
2026-02-10 15:35:00,376 - ecopetrol.exportacion_batch - INFO - Período de facturación: 2025-09-01
2026-02-10 15:35:00,377 - ecopetrol.exportacion_batch - INFO - Procesada factura con código SIC: Frt43161
2026-02-10 15:35:00,377 - ecopetrol.exportacion_batch - INFO - Período de facturación: 2025-09-01
2026-02-10 15:35:00,377 - ecopetrol.exportacion_batch - INFO - Procesada factura con código SIC: Frt26867
2026-02-10 15:35:00,377 - ecopetrol.exportacion_batch - INFO - Período de facturación: 2025-09-01
2026-02-10 15:35:00,378 - ecopetrol.exportacion_batch - INFO - Procesada factura con código SIC: Frt29202
2026-02-10 15:35:00,378 - ecopetrol.exportacion_batch - INFO - Período de facturación: 2025-09-01
2026-02-10 15:35:00,378 - ecopetrol.exportacion_batch - INFO - Procesada factura con código SIC: Frt51795
2026-02-10 15:35:00,378 - ecopetrol.exportacion_batch - INFO - Período de facturación: 2025-09-01
2026-02-10 15:35:00,378 - ecopetrol.exportacion_batch - INFO - Procesada factura con código SIC: Frt21285
2026-02-10 15:35:00,378 - ecopetrol.exportacion_batch - INFO - Período de facturación: 2025-09-01
2026-02-10 15:35:00,380 - ecopetrol.exportacion_batch - INFO - Procesada factura con código SIC: Frt00696
2026-02-10 15:35:00,380 - ecopetrol.exportacion_batch - INFO - Período de facturación: 2025-09-01
2026-02-10 15:35:00,380 - ecopetrol.exportacion_batch - INFO - Procesada factura con código SIC: Frt06573
2026-02-10 15:35:00,380 - ecopetrol.exportacion_batch - INFO - Período de facturación: 2025-09-01
2026-02-10 15:35:00,380 - ecopetrol.exportacion_batch - INFO - Procesada factura con código SIC: Frt54174
2026-02-10 15:35:00,381 - ecopetrol.exportacion_batch - INFO - Período de facturación: 2025-09-01
2026-02-10 15:35:00,381 - ecopetrol.exportacion_batch - INFO - Procesada factura con código SIC: Frt25832
2026-02-10 15:35:00,381 - ecopetrol.exportacion_batch - INFO - Período de facturación: 2025-09-01
2026-02-10 15:35:00,381 - ecopetrol.exportacion_batch - INFO - Procesada factura con código SIC: Frt27767
2026-02-10 15:35:00,381 - ecopetrol.exportacion_batch - INFO - Período de facturación: 2025-09-01
2026-02-10 15:35:00,382 - ecopetrol.exportacion_batch - INFO - Procesada factura con código SIC: Frt27768
2026-02-10 15:35:00,382 - ecopetrol.exportacion_batch - INFO - Período de facturación: 2025-09-01
2026-02-10 15:35:00,382 - ecopetrol.exportacion_batch - INFO - Procesada factura con código SIC: Frt05349
2026-02-10 15:35:00,382 - ecopetrol.exportacion_batch - INFO - Período de facturación: 2025-09-01
2026-02-10 15:35:00,382 - ecopetrol.exportacion_batch - INFO - Procesada factura con código SIC: CFP05348
2026-02-10 15:35:00,382 - ecopetrol.exportacion_batch - INFO - Período de facturación: 2025-09-01
2026-02-10 15:35:00,382 - ecopetrol.exportacion_batch - INFO - Procesada factura con código SIC: Frt29199
2026-02-10 15:35:00,383 - ecopetrol.exportacion_batch - INFO - Período de facturación: 2025-09-01
2026-02-10 15:35:00,383 - ecopetrol.exportacion_batch - INFO - Procesada factura con código SIC: Frt05144
2026-02-10 15:35:00,383 - ecopetrol.exportacion_batch - INFO - Período de facturación: 2025-09-01
2026-02-10 15:35:00,383 - ecopetrol.exportacion_batch - INFO - Procesada factura con código SIC: Frt04759
2026-02-10 15:35:00,383 - ecopetrol.exportacion_batch - INFO - Período de facturación: 2025-09-01
2026-02-10 15:35:00,384 - ecopetrol.exportacion_batch - INFO - Procesada factura con código SIC: Frt04760
2026-02-10 15:35:00,384 - ecopetrol.exportacion_batch - INFO - Período de facturación: 2025-09-01
2026-02-10 15:35:00,384 - ecopetrol.exportacion_batch - INFO - Procesada factura con código SIC: Frt04761
2026-02-10 15:35:00,384 - ecopetrol.exportacion_batch - INFO - Período de facturación: 2025-09-01
2026-02-10 15:35:00,384 - ecopetrol.exportacion_batch - INFO - Procesada factura con código SIC: Frt00699
2026-02-10 15:35:00,384 - ecopetrol.exportacion_batch - INFO - Período de facturación: 2025-09-01
2026-02-10 15:35:00,385 - ecopetrol.exportacion_batch - INFO - Procesada factura con código SIC: Frt06510
2026-02-10 15:35:00,385 - ecopetrol.exportacion_batch - INFO - Período de facturación: 2025-09-01
2026-02-10 15:35:00,385 - ecopetrol.exportacion_batch - INFO - Procesada factura con código SIC: Frt04999
2026-02-10 15:35:00,385 - ecopetrol.exportacion_batch - INFO - Período de facturación: 2025-09-01
2026-02-10 15:35:00,386 - ecopetrol.exportacion_batch - INFO - Procesada factura con código SIC: Frt26501
2026-02-10 15:35:00,386 - ecopetrol.exportacion_batch - INFO - Período de facturación: 2025-09-01
2026-02-10 15:35:00,386 - ecopetrol.exportacion_batch - INFO - Procesada factura con código SIC: Frt02973
2026-02-10 15:35:00,386 - ecopetrol.exportacion_batch - INFO - Período de facturación: 2025-09-01
2026-02-10 15:35:00,386 - ecopetrol.exportacion_batch - INFO - Procesada factura con código SIC: Frt00622
2026-02-10 15:35:00,386 - ecopetrol.exportacion_batch - INFO - Período de facturación: 2025-09-01
2026-02-10 15:35:00,387 - ecopetrol.exportacion_batch - INFO - Procesada factura con código SIC: Frt26493
2026-02-10 15:35:00,387 - ecopetrol.exportacion_batch - INFO - Período de facturación: 2025-09-01
2026-02-10 15:35:00,387 - ecopetrol.db_connector_comparacion - INFO - Se encontraron 72 fronteras para comparar: ['Frt18951', 'Frt08513', 'CFP11002', 'Frt07999', 'Frt76524', 'Frt72653', 'Frt02228', 'Frt02918', 'Frt33506', 'Frt56504', 'Frt14461', 'CFP05038', 'Frt05857', 'Frt11545', 'Frt04803', 'Frt18613', 'Frt10098', 'Frt05004', 'Frt03821', 'Frt03281', 'Frt01505', 'Frt10407', 'Frt10408', 'Frt04682', 'Frt04683', 'Frt07854', 'Frt28759', 'Frt65599', 'Frt00698', 'Frt10931', 'Frt00697', 'Frt11417', 'Frt03216', 'Frt01251', 'Frt10978', 'Frt24980', 'Frt04445', 'Frt07008', 'Frt00970', 'Frt05713', 'Frt04201', 'Frt10187', 'Frt05697', 'Frt11029', 'Frt11030', 'Frt00931', 'CFP24041', 'Frt43161', 'Frt26867', 'Frt29202', 'Frt51795', 'Frt21285', 'Frt00696', 'Frt06573', 'Frt54174', 'Frt25832', 'Frt27767', 'Frt27768', 'Frt05349', 'CFP05348', 'Frt29199', 'Frt05144', 'Frt04759', 'Frt04760', 'Frt04761', 'Frt00699', 'Frt06510', 'Frt04999', 'Frt26501', 'Frt02973', 'Frt00622', 'Frt26493']
2026-02-10 15:35:00,388 - ecopetrol.db_connector_comparacion - INFO - Períodos de facturación: [('Frt18951', '2025-09-01'), ('Frt08513', '2025-09-01'), ('CFP11002', '2025-09-01'), ('Frt07999', '2025-09-01'), ('Frt76524', '2025-09-01'), ('Frt72653', '2025-09-01'), ('Frt02228', '2025-09-01'), ('Frt02918', '2025-09-01'), ('Frt33506', '2025-09-01'), ('Frt56504', '2025-09-01'), ('Frt14461', '2025-09-01'), ('CFP05038', '2025-09-01'), ('Frt05857', '2025-09-01'), ('Frt11545', '2025-09-01'), ('Frt04803', '2025-09-01'), ('Frt18613', '2025-09-01'), ('Frt10098', '2025-09-01'), ('Frt05004', '2025-09-01'), ('Frt03821', '2025-09-01'), ('Frt03281', '2025-09-01'), ('Frt01505', '2025-09-01'), ('Frt10407', '2025-09-01'), ('Frt10408', '2025-09-01'), ('Frt04682', '2025-09-01'), ('Frt04683', '2025-09-01'), ('Frt07854', '2025-09-01'), ('Frt28759', '2025-09-01'), ('Frt65599', '2025-09-01'), ('Frt00698', '2025-09-01'), ('Frt10931', '2025-09-01'), ('Frt00697', '2025-09-01'), ('Frt11417', '2025-09-01'), ('Frt03216', '2025-09-01'), ('Frt01251', '2025-09-01'), ('Frt10978', '2025-09-01'), ('Frt24980', '2025-09-01'), ('Frt04445', '2025-09-01'), ('Frt07008', '2025-09-01'), ('Frt00970', '2025-09-01'), ('Frt05713', '2025-09-01'), ('Frt04201', '2025-09-01'), ('Frt10187', '2025-09-01'), ('Frt05697', '2025-09-01'), ('Frt11029', '2025-09-01'), ('Frt11030', '2025-09-01'), ('Frt00931', '2025-09-01'), ('CFP24041', '2025-09-01'), ('Frt43161', '2025-09-01'), ('Frt26867', '2025-09-01'), ('Frt29202', '2025-09-01'), ('Frt51795', '2025-09-01'), ('Frt21285', '2025-09-01'), ('Frt00696', '2025-09-01'), ('Frt06573', '2025-09-01'), ('Frt54174', '2025-09-01'), ('Frt25832', '2025-09-01'), ('Frt27767', '2025-09-01'), ('Frt27768', '2025-09-01'), ('Frt05349', '2025-09-01'), ('CFP05348', '2025-09-01'), ('Frt29199', '2025-09-01'), ('Frt05144', '2025-09-01'), ('Frt04759', '2025-09-01'), ('Frt04760', '2025-09-01'), ('Frt04761', '2025-09-01'), ('Frt00699', '2025-09-01'), ('Frt06510', '2025-09-01'), ('Frt04999', '2025-09-01'), ('Frt26501', '2025-09-01'), ('Frt02973', '2025-09-01'), ('Frt00622', '2025-09-01'), ('Frt26493', '2025-09-01')]
2026-02-10 15:35:00,389 - ecopetrol.db_connector_comparacion - INFO - Encontrado período de facturación: 2025-09-01
2026-02-10 15:35:00,389 - ecopetrol.db_connector_comparacion - INFO - Encontrado período de facturación: 2025-09-01
2026-02-10 15:35:00,389 - ecopetrol.db_connector_comparacion - INFO - Encontrado período de facturación: 2025-09-01
2026-02-10 15:35:00,391 - ecopetrol.db_connector_comparacion - INFO - Encontrado período de facturación: 2025-09-01
2026-02-10 15:35:00,392 - ecopetrol.db_connector_comparacion - INFO - Encontrado período de facturación: 2025-09-01
2026-02-10 15:35:00,392 - ecopetrol.db_connector_comparacion - INFO - Encontrado período de facturación: 2025-09-01
2026-02-10 15:35:00,392 - ecopetrol.db_connector_comparacion - INFO - Encontrado período de facturación: 2025-09-01
2026-02-10 15:35:00,393 - ecopetrol.db_connector_comparacion - INFO - Encontrado período de facturación: 2025-09-01
2026-02-10 15:35:00,397 - ecopetrol.db_connector_comparacion - INFO - Encontrado período de facturación: 2025-09-01
2026-02-10 15:35:00,401 - ecopetrol.db_connector_comparacion - INFO - Encontrado período de facturación: 2025-09-01
2026-02-10 15:35:00,402 - ecopetrol.db_connector_comparacion - INFO - Encontrado período de facturación: 2025-09-01
2026-02-10 15:35:00,402 - ecopetrol.db_connector_comparacion - INFO - Encontrado período de facturación: 2025-09-01
2026-02-10 15:35:00,402 - ecopetrol.db_connector_comparacion - INFO - Encontrado período de facturación: 2025-09-01
2026-02-10 15:35:00,403 - ecopetrol.db_connector_comparacion - INFO - Encontrado período de facturación: 2025-09-01
2026-02-10 15:35:00,403 - ecopetrol.db_connector_comparacion - INFO - Encontrado período de facturación: 2025-09-01
2026-02-10 15:35:00,403 - ecopetrol.db_connector_comparacion - INFO - Encontrado período de facturación: 2025-09-01
2026-02-10 15:35:00,403 - ecopetrol.db_connector_comparacion - INFO - Encontrado período de facturación: 2025-09-01
2026-02-10 15:35:00,403 - ecopetrol.db_connector_comparacion - INFO - Encontrado período de facturación: 2025-09-01
2026-02-10 15:35:00,404 - ecopetrol.db_connector_comparacion - INFO - Encontrado período de facturación: 2025-09-01
2026-02-10 15:35:00,404 - ecopetrol.db_connector_comparacion - INFO - Encontrado período de facturación: 2025-09-01
2026-02-10 15:35:00,404 - ecopetrol.db_connector_comparacion - INFO - Encontrado período de facturación: 2025-09-01
2026-02-10 15:35:00,404 - ecopetrol.db_connector_comparacion - INFO - Encontrado período de facturación: 2025-09-01
2026-02-10 15:35:00,404 - ecopetrol.db_connector_comparacion - INFO - Encontrado período de facturación: 2025-09-01
2026-02-10 15:35:00,404 - ecopetrol.db_connector_comparacion - INFO - Encontrado período de facturación: 2025-09-01
2026-02-10 15:35:00,405 - ecopetrol.db_connector_comparacion - INFO - Encontrado período de facturación: 2025-09-01
2026-02-10 15:35:00,405 - ecopetrol.db_connector_comparacion - INFO - Encontrado período de facturación: 2025-09-01
2026-02-10 15:35:00,405 - ecopetrol.db_connector_comparacion - INFO - Encontrado período de facturación: 2025-09-01
2026-02-10 15:35:00,405 - ecopetrol.db_connector_comparacion - INFO - Encontrado período de facturación: 2025-09-01
2026-02-10 15:35:00,405 - ecopetrol.db_connector_comparacion - INFO - Encontrado período de facturación: 2025-09-01
2026-02-10 15:35:00,406 - ecopetrol.db_connector_comparacion - INFO - Encontrado período de facturación: 2025-09-01
2026-02-10 15:35:00,406 - ecopetrol.db_connector_comparacion - INFO - Encontrado período de facturación: 2025-09-01
2026-02-10 15:35:00,406 - ecopetrol.db_connector_comparacion - INFO - Encontrado período de facturación: 2025-09-01
2026-02-10 15:35:00,406 - ecopetrol.db_connector_comparacion - INFO - Encontrado período de facturación: 2025-09-01
2026-02-10 15:35:00,406 - ecopetrol.db_connector_comparacion - INFO - Encontrado período de facturación: 2025-09-01
2026-02-10 15:35:00,406 - ecopetrol.db_connector_comparacion - INFO - Encontrado período de facturación: 2025-09-01
2026-02-10 15:35:00,407 - ecopetrol.db_connector_comparacion - INFO - Encontrado período de facturación: 2025-09-01
2026-02-10 15:35:00,407 - ecopetrol.db_connector_comparacion - INFO - Encontrado período de facturación: 2025-09-01
2026-02-10 15:35:00,407 - ecopetrol.db_connector_comparacion - INFO - Encontrado período de facturación: 2025-09-01
2026-02-10 15:35:00,407 - ecopetrol.db_connector_comparacion - INFO - Encontrado período de facturación: 2025-09-01
2026-02-10 15:35:00,407 - ecopetrol.db_connector_comparacion - INFO - Encontrado período de facturación: 2025-09-01
2026-02-10 15:35:00,407 - ecopetrol.db_connector_comparacion - INFO - Encontrado período de facturación: 2025-09-01
2026-02-10 15:35:00,407 - ecopetrol.db_connector_comparacion - INFO - Encontrado período de facturación: 2025-09-01
2026-02-10 15:35:00,407 - ecopetrol.db_connector_comparacion - INFO - Encontrado período de facturación: 2025-09-01
2026-02-10 15:35:00,409 - ecopetrol.db_connector_comparacion - INFO - Encontrado período de facturación: 2025-09-01
2026-02-10 15:35:00,409 - ecopetrol.db_connector_comparacion - INFO - Encontrado período de facturación: 2025-09-01
2026-02-10 15:35:00,409 - ecopetrol.db_connector_comparacion - INFO - Encontrado período de facturación: 2025-09-01
2026-02-10 15:35:00,409 - ecopetrol.db_connector_comparacion - INFO - Encontrado período de facturación: 2025-09-01
2026-02-10 15:35:00,409 - ecopetrol.db_connector_comparacion - INFO - Encontrado período de facturación: 2025-09-01
2026-02-10 15:35:00,409 - ecopetrol.db_connector_comparacion - INFO - Encontrado período de facturación: 2025-09-01
2026-02-10 15:35:00,410 - ecopetrol.db_connector_comparacion - INFO - Encontrado período de facturación: 2025-09-01
2026-02-10 15:35:00,410 - ecopetrol.db_connector_comparacion - INFO - Encontrado período de facturación: 2025-09-01
2026-02-10 15:35:00,410 - ecopetrol.db_connector_comparacion - INFO - Encontrado período de facturación: 2025-09-01
2026-02-10 15:35:00,410 - ecopetrol.db_connector_comparacion - INFO - Encontrado período de facturación: 2025-09-01
2026-02-10 15:35:00,411 - ecopetrol.db_connector_comparacion - INFO - Encontrado período de facturación: 2025-09-01
2026-02-10 15:35:00,411 - ecopetrol.db_connector_comparacion - INFO - Encontrado período de facturación: 2025-09-01
2026-02-10 15:35:00,411 - ecopetrol.db_connector_comparacion - INFO - Encontrado período de facturación: 2025-09-01
2026-02-10 15:35:00,412 - ecopetrol.db_connector_comparacion - INFO - Encontrado período de facturación: 2025-09-01
2026-02-10 15:35:00,412 - ecopetrol.db_connector_comparacion - INFO - Encontrado período de facturación: 2025-09-01
2026-02-10 15:35:00,412 - ecopetrol.db_connector_comparacion - INFO - Encontrado período de facturación: 2025-09-01
2026-02-10 15:35:00,413 - ecopetrol.db_connector_comparacion - INFO - Encontrado período de facturación: 2025-09-01
2026-02-10 15:35:00,413 - ecopetrol.db_connector_comparacion - INFO - Encontrado período de facturación: 2025-09-01
2026-02-10 15:35:00,414 - ecopetrol.db_connector_comparacion - INFO - Encontrado período de facturación: 2025-09-01
2026-02-10 15:35:00,415 - ecopetrol.db_connector_comparacion - INFO - Encontrado período de facturación: 2025-09-01
2026-02-10 15:35:00,415 - ecopetrol.db_connector_comparacion - INFO - Encontrado período de facturación: 2025-09-01
2026-02-10 15:35:00,415 - ecopetrol.db_connector_comparacion - INFO - Encontrado período de facturación: 2025-09-01
2026-02-10 15:35:00,415 - ecopetrol.db_connector_comparacion - INFO - Encontrado período de facturación: 2025-09-01
2026-02-10 15:35:00,417 - ecopetrol.db_connector_comparacion - INFO - Encontrado período de facturación: 2025-09-01
2026-02-10 15:35:00,417 - ecopetrol.db_connector_comparacion - INFO - Encontrado período de facturación: 2025-09-01
2026-02-10 15:35:00,417 - ecopetrol.db_connector_comparacion - INFO - Encontrado período de facturación: 2025-09-01
2026-02-10 15:35:00,417 - ecopetrol.db_connector_comparacion - INFO - Encontrado período de facturación: 2025-09-01
2026-02-10 15:35:00,417 - ecopetrol.db_connector_comparacion - INFO - Encontrado período de facturación: 2025-09-01
2026-02-10 15:35:00,418 - ecopetrol.db_connector_comparacion - INFO - Encontrado período de facturación: 2025-09-01
2026-02-10 15:35:00,418 - ecopetrol.db_connector_comparacion - INFO - Período procesado: 2025-09-01 a 2025-09-30
2026-02-10 15:35:00,418 - ecopetrol.db_connector_comparacion - INFO - Período procesado: 2025-09-01 a 2025-09-30
2026-02-10 15:35:00,418 - ecopetrol.db_connector_comparacion - INFO - Período procesado: 2025-09-01 a 2025-09-30
2026-02-10 15:35:00,419 - ecopetrol.db_connector_comparacion - INFO - Período procesado: 2025-09-01 a 2025-09-30
2026-02-10 15:35:00,419 - ecopetrol.db_connector_comparacion - INFO - Período procesado: 2025-09-01 a 2025-09-30
2026-02-10 15:35:00,420 - ecopetrol.db_connector_comparacion - INFO - Período procesado: 2025-09-01 a 2025-09-30
2026-02-10 15:35:00,420 - ecopetrol.db_connector_comparacion - INFO - Período procesado: 2025-09-01 a 2025-09-30
2026-02-10 15:35:00,420 - ecopetrol.db_connector_comparacion - INFO - Período procesado: 2025-09-01 a 2025-09-30
2026-02-10 15:35:00,420 - ecopetrol.db_connector_comparacion - INFO - Período procesado: 2025-09-01 a 2025-09-30
2026-02-10 15:35:00,420 - ecopetrol.db_connector_comparacion - INFO - Período procesado: 2025-09-01 a 2025-09-30
2026-02-10 15:35:00,420 - ecopetrol.db_connector_comparacion - INFO - Período procesado: 2025-09-01 a 2025-09-30
2026-02-10 15:35:00,421 - ecopetrol.db_connector_comparacion - INFO - Período procesado: 2025-09-01 a 2025-09-30
2026-02-10 15:35:00,421 - ecopetrol.db_connector_comparacion - INFO - Período procesado: 2025-09-01 a 2025-09-30
2026-02-10 15:35:00,421 - ecopetrol.db_connector_comparacion - INFO - Período procesado: 2025-09-01 a 2025-09-30
2026-02-10 15:35:00,422 - ecopetrol.db_connector_comparacion - INFO - Período procesado: 2025-09-01 a 2025-09-30
2026-02-10 15:35:00,422 - ecopetrol.db_connector_comparacion - INFO - Período procesado: 2025-09-01 a 2025-09-30
2026-02-10 15:35:00,422 - ecopetrol.db_connector_comparacion - INFO - Período procesado: 2025-09-01 a 2025-09-30
2026-02-10 15:35:00,422 - ecopetrol.db_connector_comparacion - INFO - Período procesado: 2025-09-01 a 2025-09-30
2026-02-10 15:35:00,423 - ecopetrol.db_connector_comparacion - INFO - Período procesado: 2025-09-01 a 2025-09-30
2026-02-10 15:35:00,423 - ecopetrol.db_connector_comparacion - INFO - Período procesado: 2025-09-01 a 2025-09-30
2026-02-10 15:35:00,423 - ecopetrol.db_connector_comparacion - INFO - Período procesado: 2025-09-01 a 2025-09-30
2026-02-10 15:35:00,423 - ecopetrol.db_connector_comparacion - INFO - Período procesado: 2025-09-01 a 2025-09-30
2026-02-10 15:35:00,423 - ecopetrol.db_connector_comparacion - INFO - Período procesado: 2025-09-01 a 2025-09-30
2026-02-10 15:35:00,424 - ecopetrol.db_connector_comparacion - INFO - Período procesado: 2025-09-01 a 2025-09-30
2026-02-10 15:35:00,424 - ecopetrol.db_connector_comparacion - INFO - Período procesado: 2025-09-01 a 2025-09-30
2026-02-10 15:35:00,424 - ecopetrol.db_connector_comparacion - INFO - Período procesado: 2025-09-01 a 2025-09-30
2026-02-10 15:35:00,424 - ecopetrol.db_connector_comparacion - INFO - Período procesado: 2025-09-01 a 2025-09-30
2026-02-10 15:35:00,425 - ecopetrol.db_connector_comparacion - INFO - Período procesado: 2025-09-01 a 2025-09-30
2026-02-10 15:35:00,425 - ecopetrol.db_connector_comparacion - INFO - Período procesado: 2025-09-01 a 2025-09-30
2026-02-10 15:35:00,425 - ecopetrol.db_connector_comparacion - INFO - Período procesado: 2025-09-01 a 2025-09-30
2026-02-10 15:35:00,425 - ecopetrol.db_connector_comparacion - INFO - Período procesado: 2025-09-01 a 2025-09-30
2026-02-10 15:35:00,426 - ecopetrol.db_connector_comparacion - INFO - Período procesado: 2025-09-01 a 2025-09-30
2026-02-10 15:35:00,426 - ecopetrol.db_connector_comparacion - INFO - Período procesado: 2025-09-01 a 2025-09-30
2026-02-10 15:35:00,426 - ecopetrol.db_connector_comparacion - INFO - Período procesado: 2025-09-01 a 2025-09-30
2026-02-10 15:35:00,426 - ecopetrol.db_connector_comparacion - INFO - Período procesado: 2025-09-01 a 2025-09-30
2026-02-10 15:35:00,426 - ecopetrol.db_connector_comparacion - INFO - Período procesado: 2025-09-01 a 2025-09-30
2026-02-10 15:35:00,427 - ecopetrol.db_connector_comparacion - INFO - Período procesado: 2025-09-01 a 2025-09-30
2026-02-10 15:35:00,427 - ecopetrol.db_connector_comparacion - INFO - Período procesado: 2025-09-01 a 2025-09-30
2026-02-10 15:35:00,427 - ecopetrol.db_connector_comparacion - INFO - Período procesado: 2025-09-01 a 2025-09-30
2026-02-10 15:35:00,427 - ecopetrol.db_connector_comparacion - INFO - Período procesado: 2025-09-01 a 2025-09-30
2026-02-10 15:35:00,427 - ecopetrol.db_connector_comparacion - INFO - Período procesado: 2025-09-01 a 2025-09-30
2026-02-10 15:35:00,428 - ecopetrol.db_connector_comparacion - INFO - Período procesado: 2025-09-01 a 2025-09-30
2026-02-10 15:35:00,428 - ecopetrol.db_connector_comparacion - INFO - Período procesado: 2025-09-01 a 2025-09-30
2026-02-10 15:35:00,428 - ecopetrol.db_connector_comparacion - INFO - Período procesado: 2025-09-01 a 2025-09-30
2026-02-10 15:35:00,429 - ecopetrol.db_connector_comparacion - INFO - Período procesado: 2025-09-01 a 2025-09-30
2026-02-10 15:35:00,431 - ecopetrol.db_connector_comparacion - INFO - Período procesado: 2025-09-01 a 2025-09-30
2026-02-10 15:35:00,435 - ecopetrol.db_connector_comparacion - INFO - Período procesado: 2025-09-01 a 2025-09-30
2026-02-10 15:35:00,435 - ecopetrol.db_connector_comparacion - INFO - Período procesado: 2025-09-01 a 2025-09-30
2026-02-10 15:35:00,436 - ecopetrol.db_connector_comparacion - INFO - Período procesado: 2025-09-01 a 2025-09-30
2026-02-10 15:35:00,436 - ecopetrol.db_connector_comparacion - INFO - Período procesado: 2025-09-01 a 2025-09-30
2026-02-10 15:35:00,437 - ecopetrol.db_connector_comparacion - INFO - Período procesado: 2025-09-01 a 2025-09-30
2026-02-10 15:35:00,437 - ecopetrol.db_connector_comparacion - INFO - Período procesado: 2025-09-01 a 2025-09-30
2026-02-10 15:35:00,437 - ecopetrol.db_connector_comparacion - INFO - Período procesado: 2025-09-01 a 2025-09-30
2026-02-10 15:35:00,438 - ecopetrol.db_connector_comparacion - INFO - Período procesado: 2025-09-01 a 2025-09-30
2026-02-10 15:35:00,438 - ecopetrol.db_connector_comparacion - INFO - Período procesado: 2025-09-01 a 2025-09-30
2026-02-10 15:35:00,438 - ecopetrol.db_connector_comparacion - INFO - Período procesado: 2025-09-01 a 2025-09-30
2026-02-10 15:35:00,439 - ecopetrol.db_connector_comparacion - INFO - Período procesado: 2025-09-01 a 2025-09-30
2026-02-10 15:35:00,439 - ecopetrol.db_connector_comparacion - INFO - Período procesado: 2025-09-01 a 2025-09-30
2026-02-10 15:35:00,439 - ecopetrol.db_connector_comparacion - INFO - Período procesado: 2025-09-01 a 2025-09-30
2026-02-10 15:35:00,440 - ecopetrol.db_connector_comparacion - INFO - Período procesado: 2025-09-01 a 2025-09-30
2026-02-10 15:35:00,440 - ecopetrol.db_connector_comparacion - INFO - Período procesado: 2025-09-01 a 2025-09-30
2026-02-10 15:35:00,441 - ecopetrol.db_connector_comparacion - INFO - Período procesado: 2025-09-01 a 2025-09-30
2026-02-10 15:35:00,441 - ecopetrol.db_connector_comparacion - INFO - Período procesado: 2025-09-01 a 2025-09-30
2026-02-10 15:35:00,441 - ecopetrol.db_connector_comparacion - INFO - Período procesado: 2025-09-01 a 2025-09-30
2026-02-10 15:35:00,441 - ecopetrol.db_connector_comparacion - INFO - Período procesado: 2025-09-01 a 2025-09-30
2026-02-10 15:35:00,442 - ecopetrol.db_connector_comparacion - INFO - Período procesado: 2025-09-01 a 2025-09-30
2026-02-10 15:35:00,442 - ecopetrol.db_connector_comparacion - INFO - Período procesado: 2025-09-01 a 2025-09-30
2026-02-10 15:35:00,442 - ecopetrol.db_connector_comparacion - INFO - Período procesado: 2025-09-01 a 2025-09-30
2026-02-10 15:35:00,442 - ecopetrol.db_connector_comparacion - INFO - Período procesado: 2025-09-01 a 2025-09-30
2026-02-10 15:35:00,443 - ecopetrol.db_connector_comparacion - INFO - Período procesado: 2025-09-01 a 2025-09-30
2026-02-10 15:35:00,443 - ecopetrol.db_connector_comparacion - INFO - Período procesado: 2025-09-01 a 2025-09-30
2026-02-10 15:35:00,443 - ecopetrol.db_connector_comparacion - INFO - Período procesado: 2025-09-01 a 2025-09-30
2026-02-10 15:35:00,443 - ecopetrol.db_connector_comparacion - INFO - Rango de fechas final: 2025-09-01 a 2025-09-30
2026-02-10 15:35:00,444 - ecopetrol.db_connector_consultas - INFO - Consultando facturas con fechas: 2025-09-01 a 2025-09-30
2026-02-10 15:35:00,444 - ecopetrol.db_connector_consultas - INFO - Filtrando por fronteras: Frt18951, Frt08513, CFP11002, Frt07999, Frt76524, Frt72653, Frt02228, Frt02918, Frt33506, Frt56504, Frt14461, CFP05038, Frt05857, Frt11545, Frt04803, Frt18613, Frt10098, Frt05004, Frt03821, Frt03281, Frt01505, Frt10407, Frt10408, Frt04682, Frt04683, Frt07854, Frt28759, Frt65599, Frt00698, Frt10931, Frt00697, Frt11417, Frt03216, Frt01251, Frt10978, Frt24980, Frt04445, Frt07008, Frt00970, Frt05713, Frt04201, Frt10187, Frt05697, Frt11029, Frt11030, Frt00931, CFP24041, Frt43161, Frt26867, Frt29202, Frt51795, Frt21285, Frt00696, Frt06573, Frt54174, Frt25832, Frt27767, Frt27768, Frt05349, CFP05348, Frt29199, Frt05144, Frt04759, Frt04760, Frt04761, Frt00699, Frt06510, Frt04999, Frt26501, Frt02973, Frt00622, Frt26493
2026-02-10 15:35:01,139 - ecopetrol.db_connector_consultas - INFO - Conexión a la base de datos establecida
2026-02-10 15:35:01,139 - ecopetrol.db_connector_utils - INFO - Ejecutando consulta: SELECT frontera as frt, factura_dian as factura, v_consumo_energia_ajustado as subtotal_energía_total, v_contribucion + v_consumo_energia_ajustado + v_contribucion_otros_meses as subtotal_energía_cont...
2026-02-10 15:35:01,140 - ecopetrol.db_connector_utils - INFO - Con parámetros: ['2025-09-01', '2025-09-30', 'Frt18951', 'Frt08513', 'CFP11002'] y 69 más
2026-02-10 15:35:03,362 - ecopetrol.db_connector_consultas - INFO - Consulta ejecutada. Resultados: 72
2026-02-10 15:35:03,377 - ecopetrol.db_connector_utils - INFO - Se obtuvieron 72 registros de la base de datos
2026-02-10 15:35:03,384 - ecopetrol.db_connector_utils - INFO - Fronteras encontradas en la base de datos: ['Frt33506', 'Frt26501', 'CFP05038', 'Frt00696', 'CFP24041', 'Frt00622', 'Frt00931', 'Frt00697', 'Frt00698', 'Frt00699', 'Frt00970', 'Frt01505', 'Frt02228', 'Frt02973', 'Frt03216', 'Frt03281', 'Frt03821', 'Frt04201', 'Frt04445', 'Frt04682', 'Frt04683', 'Frt04759', 'Frt04999', 'Frt04760', 'Frt04761', 'Frt04803', 'Frt05004', 'Frt05713', 'Frt05144', 'Frt05697', 'Frt05857', 'Frt06510', 'Frt06573', 'Frt07008', 'Frt07854', 'Frt07999', 'Frt08513', 'Frt10098', 'Frt56504', 'Frt10407', 'Frt10408', 'Frt10931', 'Frt10978', 'Frt11029', 'Frt11030', 'Frt11417', 'Frt11545', 'Frt18613', 'Frt18951', 'Frt21285', 'Frt24980', 'Frt25832', 'Frt26493', 'Frt26867', 'Frt28759', 'Frt29199', 'Frt27768', 'Frt29202', 'Frt43161', 'Frt51795', 'Frt10187', 'Frt54174', 'Frt14461', 'Frt65599', 'Frt02918', 'Frt76524', 'Frt01251', 'CFP11002', 'CFP05348', 'Frt05349', 'Frt27767', 'Frt72653']
2026-02-10 15:35:03,964 - ecopetrol.exportacion_batch - INFO - Se agregó hoja de comparación con 4320 registros
2026-02-10 15:35:04,550 - ecopetrol.exportacion_batch - INFO - Archivo Excel consolidado creado: C:/Users/jcespedes/Documents/Code/desarrollo/Prefacturas septiembre tx0\resultados\facturas_analizadas.xlsx
2026-02-10 15:35:04,552 - ecopetrol.main - INFO - Se ha creado el archivo Excel consolidado: C:/Users/jcespedes/Documents/Code/desarrollo/Prefacturas septiembre tx0\resultados\facturas_analizadas.xlsx
2026-02-10 16:53:14,312 - ecopetrol.utils - INFO - Directorio creado: C:/Users/jcespedes/Documents/Code/desarrollo/Prefacturas septiembre tx0\resultados
2026-02-10 16:53:14,312 - ecopetrol.utils - INFO - Directorio creado: C:/Users/jcespedes/Documents/Code/desarrollo/Prefacturas septiembre tx0\resultados\csv
2026-02-10 16:53:14,315 - ecopetrol.main - INFO - Se encontraron 72 archivos PDF para procesar
2026-02-10 16:53:14,315 - ecopetrol.main - INFO - Iniciando procesamiento consolidado de facturas
2026-02-10 16:53:58,088 - ecopetrol.exportacion_batch - INFO - Procesada factura con código SIC: Frt18951
2026-02-10 16:53:58,088 - ecopetrol.exportacion_batch - INFO - Período de facturación: 2025-09-01
2026-02-10 16:53:58,088 - ecopetrol.exportacion_batch - INFO - Procesada factura con código SIC: Frt08513
2026-02-10 16:53:58,088 - ecopetrol.exportacion_batch - INFO - Período de facturación: 2025-09-01
2026-02-10 16:53:58,088 - ecopetrol.exportacion_batch - INFO - Procesada factura con código SIC: CFP11002
2026-02-10 16:53:58,088 - ecopetrol.exportacion_batch - INFO - Período de facturación: 2025-09-01
2026-02-10 16:53:58,088 - ecopetrol.exportacion_batch - INFO - Procesada factura con código SIC: Frt07999
2026-02-10 16:53:58,088 - ecopetrol.exportacion_batch - INFO - Período de facturación: 2025-09-01
2026-02-10 16:53:58,088 - ecopetrol.exportacion_batch - INFO - Procesada factura con código SIC: Frt76524
2026-02-10 16:53:58,088 - ecopetrol.exportacion_batch - INFO - Período de facturación: 2025-09-01
2026-02-10 16:53:58,088 - ecopetrol.exportacion_batch - INFO - Procesada factura con código SIC: Frt72653
2026-02-10 16:53:58,088 - ecopetrol.exportacion_batch - INFO - Período de facturación: 2025-09-01
2026-02-10 16:53:58,088 - ecopetrol.exportacion_batch - INFO - Procesada factura con código SIC: Frt02228
2026-02-10 16:53:58,088 - ecopetrol.exportacion_batch - INFO - Período de facturación: 2025-09-01
2026-02-10 16:53:58,088 - ecopetrol.exportacion_batch - INFO - Procesada factura con código SIC: Frt02918
2026-02-10 16:53:58,088 - ecopetrol.exportacion_batch - INFO - Período de facturación: 2025-09-01
2026-02-10 16:53:58,088 - ecopetrol.exportacion_batch - INFO - Procesada factura con código SIC: Frt33506
2026-02-10 16:53:58,088 - ecopetrol.exportacion_batch - INFO - Período de facturación: 2025-09-01
2026-02-10 16:53:58,088 - ecopetrol.exportacion_batch - INFO - Procesada factura con código SIC: Frt56504
2026-02-10 16:53:58,088 - ecopetrol.exportacion_batch - INFO - Período de facturación: 2025-09-01
2026-02-10 16:53:58,088 - ecopetrol.exportacion_batch - INFO - Procesada factura con código SIC: Frt14461
2026-02-10 16:53:58,088 - ecopetrol.exportacion_batch - INFO - Período de facturación: 2025-09-01
2026-02-10 16:53:58,088 - ecopetrol.exportacion_batch - INFO - Procesada factura con código SIC: CFP05038
2026-02-10 16:53:58,088 - ecopetrol.exportacion_batch - INFO - Período de facturación: 2025-09-01
2026-02-10 16:53:58,088 - ecopetrol.exportacion_batch - INFO - Procesada factura con código SIC: Frt05857
2026-02-10 16:53:58,088 - ecopetrol.exportacion_batch - INFO - Período de facturación: 2025-09-01
2026-02-10 16:53:58,088 - ecopetrol.exportacion_batch - INFO - Procesada factura con código SIC: Frt11545
2026-02-10 16:53:58,088 - ecopetrol.exportacion_batch - INFO - Período de facturación: 2025-09-01
2026-02-10 16:53:58,088 - ecopetrol.exportacion_batch - INFO - Procesada factura con código SIC: Frt04803
2026-02-10 16:53:58,088 - ecopetrol.exportacion_batch - INFO - Período de facturación: 2025-09-01
2026-02-10 16:53:58,088 - ecopetrol.exportacion_batch - INFO - Procesada factura con código SIC: Frt18613
2026-02-10 16:53:58,088 - ecopetrol.exportacion_batch - INFO - Período de facturación: 2025-09-01
2026-02-10 16:53:58,088 - ecopetrol.exportacion_batch - INFO - Procesada factura con código SIC: Frt10098
2026-02-10 16:53:58,088 - ecopetrol.exportacion_batch - INFO - Período de facturación: 2025-09-01
2026-02-10 16:53:58,088 - ecopetrol.exportacion_batch - INFO - Procesada factura con código SIC: Frt05004
2026-02-10 16:53:58,088 - ecopetrol.exportacion_batch - INFO - Período de facturación: 2025-09-01
2026-02-10 16:53:58,088 - ecopetrol.exportacion_batch - INFO - Procesada factura con código SIC: Frt03821
2026-02-10 16:53:58,088 - ecopetrol.exportacion_batch - INFO - Período de facturación: 2025-09-01
2026-02-10 16:53:58,088 - ecopetrol.exportacion_batch - INFO - Procesada factura con código SIC: Frt03281
2026-02-10 16:53:58,088 - ecopetrol.exportacion_batch - INFO - Período de facturación: 2025-09-01
2026-02-10 16:53:58,088 - ecopetrol.exportacion_batch - INFO - Procesada factura con código SIC: Frt01505
2026-02-10 16:53:58,088 - ecopetrol.exportacion_batch - INFO - Período de facturación: 2025-09-01
2026-02-10 16:53:58,088 - ecopetrol.exportacion_batch - INFO - Procesada factura con código SIC: Frt10407
2026-02-10 16:53:58,088 - ecopetrol.exportacion_batch - INFO - Período de facturación: 2025-09-01
2026-02-10 16:53:58,099 - ecopetrol.exportacion_batch - INFO - Procesada factura con código SIC: Frt10408
2026-02-10 16:53:58,099 - ecopetrol.exportacion_batch - INFO - Período de facturación: 2025-09-01
2026-02-10 16:53:58,099 - ecopetrol.exportacion_batch - INFO - Procesada factura con código SIC: Frt04682
2026-02-10 16:53:58,099 - ecopetrol.exportacion_batch - INFO - Período de facturación: 2025-09-01
2026-02-10 16:53:58,099 - ecopetrol.exportacion_batch - INFO - Procesada factura con código SIC: Frt04683
2026-02-10 16:53:58,100 - ecopetrol.exportacion_batch - INFO - Período de facturación: 2025-09-01
2026-02-10 16:53:58,100 - ecopetrol.exportacion_batch - INFO - Procesada factura con código SIC: Frt07854
2026-02-10 16:53:58,100 - ecopetrol.exportacion_batch - INFO - Período de facturación: 2025-09-01
2026-02-10 16:53:58,100 - ecopetrol.exportacion_batch - INFO - Procesada factura con código SIC: Frt28759
2026-02-10 16:53:58,102 - ecopetrol.exportacion_batch - INFO - Período de facturación: 2025-09-01
2026-02-10 16:53:58,102 - ecopetrol.exportacion_batch - INFO - Procesada factura con código SIC: Frt65599
2026-02-10 16:53:58,102 - ecopetrol.exportacion_batch - INFO - Período de facturación: 2025-09-01
2026-02-10 16:53:58,103 - ecopetrol.exportacion_batch - INFO - Procesada factura con código SIC: Frt00698
2026-02-10 16:53:58,103 - ecopetrol.exportacion_batch - INFO - Período de facturación: 2025-09-01
2026-02-10 16:53:58,103 - ecopetrol.exportacion_batch - INFO - Procesada factura con código SIC: Frt10931
2026-02-10 16:53:58,103 - ecopetrol.exportacion_batch - INFO - Período de facturación: 2025-09-01
2026-02-10 16:53:58,104 - ecopetrol.exportacion_batch - INFO - Procesada factura con código SIC: Frt00697
2026-02-10 16:53:58,104 - ecopetrol.exportacion_batch - INFO - Período de facturación: 2025-09-01
2026-02-10 16:53:58,104 - ecopetrol.exportacion_batch - INFO - Procesada factura con código SIC: Frt11417
2026-02-10 16:53:58,104 - ecopetrol.exportacion_batch - INFO - Período de facturación: 2025-09-01
2026-02-10 16:53:58,104 - ecopetrol.exportacion_batch - INFO - Procesada factura con código SIC: Frt03216
2026-02-10 16:53:58,104 - ecopetrol.exportacion_batch - INFO - Período de facturación: 2025-09-01
2026-02-10 16:53:58,104 - ecopetrol.exportacion_batch - INFO - Procesada factura con código SIC: Frt01251
2026-02-10 16:53:58,105 - ecopetrol.exportacion_batch - INFO - Período de facturación: 2025-09-01
2026-02-10 16:53:58,105 - ecopetrol.exportacion_batch - INFO - Procesada factura con código SIC: Frt10978
2026-02-10 16:53:58,105 - ecopetrol.exportacion_batch - INFO - Período de facturación: 2025-09-01
2026-02-10 16:53:58,105 - ecopetrol.exportacion_batch - INFO - Procesada factura con código SIC: Frt24980
2026-02-10 16:53:58,105 - ecopetrol.exportacion_batch - INFO - Período de facturación: 2025-09-01
2026-02-10 16:53:58,105 - ecopetrol.exportacion_batch - INFO - Procesada factura con código SIC: Frt04445
2026-02-10 16:53:58,105 - ecopetrol.exportacion_batch - INFO - Período de facturación: 2025-09-01
2026-02-10 16:53:58,105 - ecopetrol.exportacion_batch - INFO - Procesada factura con código SIC: Frt07008
2026-02-10 16:53:58,106 - ecopetrol.exportacion_batch - INFO - Período de facturación: 2025-09-01
2026-02-10 16:53:58,106 - ecopetrol.exportacion_batch - INFO - Procesada factura con código SIC: Frt00970
2026-02-10 16:53:58,106 - ecopetrol.exportacion_batch - INFO - Período de facturación: 2025-09-01
2026-02-10 16:53:58,106 - ecopetrol.exportacion_batch - INFO - Procesada factura con código SIC: Frt05713
2026-02-10 16:53:58,106 - ecopetrol.exportacion_batch - INFO - Período de facturación: 2025-09-01
2026-02-10 16:53:58,107 - ecopetrol.exportacion_batch - INFO - Procesada factura con código SIC: Frt04201
2026-02-10 16:53:58,107 - ecopetrol.exportacion_batch - INFO - Período de facturación: 2025-09-01
2026-02-10 16:53:58,107 - ecopetrol.exportacion_batch - INFO - Procesada factura con código SIC: Frt10187
2026-02-10 16:53:58,107 - ecopetrol.exportacion_batch - INFO - Período de facturación: 2025-09-01
2026-02-10 16:53:58,109 - ecopetrol.exportacion_batch - INFO - Procesada factura con código SIC: Frt05697
2026-02-10 16:53:58,109 - ecopetrol.exportacion_batch - INFO - Período de facturación: 2025-09-01
2026-02-10 16:53:58,109 - ecopetrol.exportacion_batch - INFO - Procesada factura con código SIC: Frt11029
2026-02-10 16:53:58,109 - ecopetrol.exportacion_batch - INFO - Período de facturación: 2025-09-01
2026-02-10 16:53:58,109 - ecopetrol.exportacion_batch - INFO - Procesada factura con código SIC: Frt11030
2026-02-10 16:53:58,109 - ecopetrol.exportacion_batch - INFO - Período de facturación: 2025-09-01
2026-02-10 16:53:58,109 - ecopetrol.exportacion_batch - INFO - Procesada factura con código SIC: Frt00931
2026-02-10 16:53:58,109 - ecopetrol.exportacion_batch - INFO - Período de facturación: 2025-09-01
2026-02-10 16:53:58,109 - ecopetrol.exportacion_batch - INFO - Procesada factura con código SIC: CFP24041
2026-02-10 16:53:58,110 - ecopetrol.exportacion_batch - INFO - Período de facturación: 2025-09-01
2026-02-10 16:53:58,110 - ecopetrol.exportacion_batch - INFO - Procesada factura con código SIC: Frt43161
2026-02-10 16:53:58,111 - ecopetrol.exportacion_batch - INFO - Período de facturación: 2025-09-01
2026-02-10 16:53:58,112 - ecopetrol.exportacion_batch - INFO - Procesada factura con código SIC: Frt26867
2026-02-10 16:53:58,114 - ecopetrol.exportacion_batch - INFO - Período de facturación: 2025-09-01
2026-02-10 16:53:58,114 - ecopetrol.exportacion_batch - INFO - Procesada factura con código SIC: Frt29202
2026-02-10 16:53:58,115 - ecopetrol.exportacion_batch - INFO - Período de facturación: 2025-09-01
2026-02-10 16:53:58,115 - ecopetrol.exportacion_batch - INFO - Procesada factura con código SIC: Frt51795
2026-02-10 16:53:58,118 - ecopetrol.exportacion_batch - INFO - Período de facturación: 2025-09-01
2026-02-10 16:53:58,118 - ecopetrol.exportacion_batch - INFO - Procesada factura con código SIC: Frt21285
2026-02-10 16:53:58,118 - ecopetrol.exportacion_batch - INFO - Período de facturación: 2025-09-01
2026-02-10 16:53:58,118 - ecopetrol.exportacion_batch - INFO - Procesada factura con código SIC: Frt00696
2026-02-10 16:53:58,120 - ecopetrol.exportacion_batch - INFO - Período de facturación: 2025-09-01
2026-02-10 16:53:58,120 - ecopetrol.exportacion_batch - INFO - Procesada factura con código SIC: Frt06573
2026-02-10 16:53:58,120 - ecopetrol.exportacion_batch - INFO - Período de facturación: 2025-09-01
2026-02-10 16:53:58,120 - ecopetrol.exportacion_batch - INFO - Procesada factura con código SIC: Frt54174
2026-02-10 16:53:58,120 - ecopetrol.exportacion_batch - INFO - Período de facturación: 2025-09-01
2026-02-10 16:53:58,120 - ecopetrol.exportacion_batch - INFO - Procesada factura con código SIC: Frt25832
2026-02-10 16:53:58,121 - ecopetrol.exportacion_batch - INFO - Período de facturación: 2025-09-01
2026-02-10 16:53:58,121 - ecopetrol.exportacion_batch - INFO - Procesada factura con código SIC: Frt27767
2026-02-10 16:53:58,121 - ecopetrol.exportacion_batch - INFO - Período de facturación: 2025-09-01
2026-02-10 16:53:58,121 - ecopetrol.exportacion_batch - INFO - Procesada factura con código SIC: Frt27768
2026-02-10 16:53:58,121 - ecopetrol.exportacion_batch - INFO - Período de facturación: 2025-09-01
2026-02-10 16:53:58,121 - ecopetrol.exportacion_batch - INFO - Procesada factura con código SIC: Frt05349
2026-02-10 16:53:58,121 - ecopetrol.exportacion_batch - INFO - Período de facturación: 2025-09-01
2026-02-10 16:53:58,122 - ecopetrol.exportacion_batch - INFO - Procesada factura con código SIC: CFP05348
2026-02-10 16:53:58,122 - ecopetrol.exportacion_batch - INFO - Período de facturación: 2025-09-01
2026-02-10 16:53:58,122 - ecopetrol.exportacion_batch - INFO - Procesada factura con código SIC: Frt29199
2026-02-10 16:53:58,122 - ecopetrol.exportacion_batch - INFO - Período de facturación: 2025-09-01
2026-02-10 16:53:58,122 - ecopetrol.exportacion_batch - INFO - Procesada factura con código SIC: Frt05144
2026-02-10 16:53:58,122 - ecopetrol.exportacion_batch - INFO - Período de facturación: 2025-09-01
2026-02-10 16:53:58,124 - ecopetrol.exportacion_batch - INFO - Procesada factura con código SIC: Frt04759
2026-02-10 16:53:58,124 - ecopetrol.exportacion_batch - INFO - Período de facturación: 2025-09-01
2026-02-10 16:53:58,124 - ecopetrol.exportacion_batch - INFO - Procesada factura con código SIC: Frt04760
2026-02-10 16:53:58,124 - ecopetrol.exportacion_batch - INFO - Período de facturación: 2025-09-01
2026-02-10 16:53:58,124 - ecopetrol.exportacion_batch - INFO - Procesada factura con código SIC: Frt04761
2026-02-10 16:53:58,124 - ecopetrol.exportacion_batch - INFO - Período de facturación: 2025-09-01
2026-02-10 16:53:58,125 - ecopetrol.exportacion_batch - INFO - Procesada factura con código SIC: Frt00699
2026-02-10 16:53:58,125 - ecopetrol.exportacion_batch - INFO - Período de facturación: 2025-09-01
2026-02-10 16:53:58,125 - ecopetrol.exportacion_batch - INFO - Procesada factura con código SIC: Frt06510
2026-02-10 16:53:58,125 - ecopetrol.exportacion_batch - INFO - Período de facturación: 2025-09-01
2026-02-10 16:53:58,125 - ecopetrol.exportacion_batch - INFO - Procesada factura con código SIC: Frt04999
2026-02-10 16:53:58,125 - ecopetrol.exportacion_batch - INFO - Período de facturación: 2025-09-01
2026-02-10 16:53:58,125 - ecopetrol.exportacion_batch - INFO - Procesada factura con código SIC: Frt26501
2026-02-10 16:53:58,125 - ecopetrol.exportacion_batch - INFO - Período de facturación: 2025-09-01
2026-02-10 16:53:58,126 - ecopetrol.exportacion_batch - INFO - Procesada factura con código SIC: Frt02973
2026-02-10 16:53:58,126 - ecopetrol.exportacion_batch - INFO - Período de facturación: 2025-09-01
2026-02-10 16:53:58,126 - ecopetrol.exportacion_batch - INFO - Procesada factura con código SIC: Frt00622
2026-02-10 16:53:58,126 - ecopetrol.exportacion_batch - INFO - Período de facturación: 2025-09-01
2026-02-10 16:53:58,127 - ecopetrol.exportacion_batch - INFO - Procesada factura con código SIC: Frt26493
2026-02-10 16:53:58,128 - ecopetrol.exportacion_batch - INFO - Período de facturación: 2025-09-01
2026-02-10 16:53:58,129 - ecopetrol.db_connector_comparacion - INFO - Se encontraron 72 fronteras para comparar: ['Frt18951', 'Frt08513', 'CFP11002', 'Frt07999', 'Frt76524', 'Frt72653', 'Frt02228', 'Frt02918', 'Frt33506', 'Frt56504', 'Frt14461', 'CFP05038', 'Frt05857', 'Frt11545', 'Frt04803', 'Frt18613', 'Frt10098', 'Frt05004', 'Frt03821', 'Frt03281', 'Frt01505', 'Frt10407', 'Frt10408', 'Frt04682', 'Frt04683', 'Frt07854', 'Frt28759', 'Frt65599', 'Frt00698', 'Frt10931', 'Frt00697', 'Frt11417', 'Frt03216', 'Frt01251', 'Frt10978', 'Frt24980', 'Frt04445', 'Frt07008', 'Frt00970', 'Frt05713', 'Frt04201', 'Frt10187', 'Frt05697', 'Frt11029', 'Frt11030', 'Frt00931', 'CFP24041', 'Frt43161', 'Frt26867', 'Frt29202', 'Frt51795', 'Frt21285', 'Frt00696', 'Frt06573', 'Frt54174', 'Frt25832', 'Frt27767', 'Frt27768', 'Frt05349', 'CFP05348', 'Frt29199', 'Frt05144', 'Frt04759', 'Frt04760', 'Frt04761', 'Frt00699', 'Frt06510', 'Frt04999', 'Frt26501', 'Frt02973', 'Frt00622', 'Frt26493']
2026-02-10 16:53:58,129 - ecopetrol.db_connector_comparacion - INFO - Períodos de facturación: [('Frt18951', '2025-09-01'), ('Frt08513', '2025-09-01'), ('CFP11002', '2025-09-01'), ('Frt07999', '2025-09-01'), ('Frt76524', '2025-09-01'), ('Frt72653', '2025-09-01'), ('Frt02228', '2025-09-01'), ('Frt02918', '2025-09-01'), ('Frt33506', '2025-09-01'), ('Frt56504', '2025-09-01'), ('Frt14461', '2025-09-01'), ('CFP05038', '2025-09-01'), ('Frt05857', '2025-09-01'), ('Frt11545', '2025-09-01'), ('Frt04803', '2025-09-01'), ('Frt18613', '2025-09-01'), ('Frt10098', '2025-09-01'), ('Frt05004', '2025-09-01'), ('Frt03821', '2025-09-01'), ('Frt03281', '2025-09-01'), ('Frt01505', '2025-09-01'), ('Frt10407', '2025-09-01'), ('Frt10408', '2025-09-01'), ('Frt04682', '2025-09-01'), ('Frt04683', '2025-09-01'), ('Frt07854', '2025-09-01'), ('Frt28759', '2025-09-01'), ('Frt65599', '2025-09-01'), ('Frt00698', '2025-09-01'), ('Frt10931', '2025-09-01'), ('Frt00697', '2025-09-01'), ('Frt11417', '2025-09-01'), ('Frt03216', '2025-09-01'), ('Frt01251', '2025-09-01'), ('Frt10978', '2025-09-01'), ('Frt24980', '2025-09-01'), ('Frt04445', '2025-09-01'), ('Frt07008', '2025-09-01'), ('Frt00970', '2025-09-01'), ('Frt05713', '2025-09-01'), ('Frt04201', '2025-09-01'), ('Frt10187', '2025-09-01'), ('Frt05697', '2025-09-01'), ('Frt11029', '2025-09-01'), ('Frt11030', '2025-09-01'), ('Frt00931', '2025-09-01'), ('CFP24041', '2025-09-01'), ('Frt43161', '2025-09-01'), ('Frt26867', '2025-09-01'), ('Frt29202', '2025-09-01'), ('Frt51795', '2025-09-01'), ('Frt21285', '2025-09-01'), ('Frt00696', '2025-09-01'), ('Frt06573', '2025-09-01'), ('Frt54174', '2025-09-01'), ('Frt25832', '2025-09-01'), ('Frt27767', '2025-09-01'), ('Frt27768', '2025-09-01'), ('Frt05349', '2025-09-01'), ('CFP05348', '2025-09-01'), ('Frt29199', '2025-09-01'), ('Frt05144', '2025-09-01'), ('Frt04759', '2025-09-01'), ('Frt04760', '2025-09-01'), ('Frt04761', '2025-09-01'), ('Frt00699', '2025-09-01'), ('Frt06510', '2025-09-01'), ('Frt04999', '2025-09-01'), ('Frt26501', '2025-09-01'), ('Frt02973', '2025-09-01'), ('Frt00622', '2025-09-01'), ('Frt26493', '2025-09-01')]
2026-02-10 16:53:58,131 - ecopetrol.db_connector_comparacion - INFO - Encontrado período de facturación: 2025-09-01
2026-02-10 16:53:58,131 - ecopetrol.db_connector_comparacion - INFO - Encontrado período de facturación: 2025-09-01
2026-02-10 16:53:58,131 - ecopetrol.db_connector_comparacion - INFO - Encontrado período de facturación: 2025-09-01
2026-02-10 16:53:58,131 - ecopetrol.db_connector_comparacion - INFO - Encontrado período de facturación: 2025-09-01
2026-02-10 16:53:58,131 - ecopetrol.db_connector_comparacion - INFO - Encontrado período de facturación: 2025-09-01
2026-02-10 16:53:58,131 - ecopetrol.db_connector_comparacion - INFO - Encontrado período de facturación: 2025-09-01
2026-02-10 16:53:58,133 - ecopetrol.db_connector_comparacion - INFO - Encontrado período de facturación: 2025-09-01
2026-02-10 16:53:58,133 - ecopetrol.db_connector_comparacion - INFO - Encontrado período de facturación: 2025-09-01
2026-02-10 16:53:58,133 - ecopetrol.db_connector_comparacion - INFO - Encontrado período de facturación: 2025-09-01
2026-02-10 16:53:58,133 - ecopetrol.db_connector_comparacion - INFO - Encontrado período de facturación: 2025-09-01
2026-02-10 16:53:58,133 - ecopetrol.db_connector_comparacion - INFO - Encontrado período de facturación: 2025-09-01
2026-02-10 16:53:58,133 - ecopetrol.db_connector_comparacion - INFO - Encontrado período de facturación: 2025-09-01
2026-02-10 16:53:58,133 - ecopetrol.db_connector_comparacion - INFO - Encontrado período de facturación: 2025-09-01
2026-02-10 16:53:58,133 - ecopetrol.db_connector_comparacion - INFO - Encontrado período de facturación: 2025-09-01
2026-02-10 16:53:58,136 - ecopetrol.db_connector_comparacion - INFO - Encontrado período de facturación: 2025-09-01
2026-02-10 16:53:58,136 - ecopetrol.db_connector_comparacion - INFO - Encontrado período de facturación: 2025-09-01
2026-02-10 16:53:58,136 - ecopetrol.db_connector_comparacion - INFO - Encontrado período de facturación: 2025-09-01
2026-02-10 16:53:58,136 - ecopetrol.db_connector_comparacion - INFO - Encontrado período de facturación: 2025-09-01
2026-02-10 16:53:58,137 - ecopetrol.db_connector_comparacion - INFO - Encontrado período de facturación: 2025-09-01
2026-02-10 16:53:58,137 - ecopetrol.db_connector_comparacion - INFO - Encontrado período de facturación: 2025-09-01
2026-02-10 16:53:58,137 - ecopetrol.db_connector_comparacion - INFO - Encontrado período de facturación: 2025-09-01
2026-02-10 16:53:58,137 - ecopetrol.db_connector_comparacion - INFO - Encontrado período de facturación: 2025-09-01
2026-02-10 16:53:58,137 - ecopetrol.db_connector_comparacion - INFO - Encontrado período de facturación: 2025-09-01
2026-02-10 16:53:58,137 - ecopetrol.db_connector_comparacion - INFO - Encontrado período de facturación: 2025-09-01
2026-02-10 16:53:58,137 - ecopetrol.db_connector_comparacion - INFO - Encontrado período de facturación: 2025-09-01
2026-02-10 16:53:58,137 - ecopetrol.db_connector_comparacion - INFO - Encontrado período de facturación: 2025-09-01
2026-02-10 16:53:58,137 - ecopetrol.db_connector_comparacion - INFO - Encontrado período de facturación: 2025-09-01
2026-02-10 16:53:58,137 - ecopetrol.db_connector_comparacion - INFO - Encontrado período de facturación: 2025-09-01
2026-02-10 16:53:58,137 - ecopetrol.db_connector_comparacion - INFO - Encontrado período de facturación: 2025-09-01
2026-02-10 16:53:58,137 - ecopetrol.db_connector_comparacion - INFO - Encontrado período de facturación: 2025-09-01
2026-02-10 16:53:58,137 - ecopetrol.db_connector_comparacion - INFO - Encontrado período de facturación: 2025-09-01
2026-02-10 16:53:58,137 - ecopetrol.db_connector_comparacion - INFO - Encontrado período de facturación: 2025-09-01
2026-02-10 16:53:58,137 - ecopetrol.db_connector_comparacion - INFO - Encontrado período de facturación: 2025-09-01
2026-02-10 16:53:58,137 - ecopetrol.db_connector_comparacion - INFO - Encontrado período de facturación: 2025-09-01
2026-02-10 16:53:58,137 - ecopetrol.db_connector_comparacion - INFO - Encontrado período de facturación: 2025-09-01
2026-02-10 16:53:58,137 - ecopetrol.db_connector_comparacion - INFO - Encontrado período de facturación: 2025-09-01
2026-02-10 16:53:58,137 - ecopetrol.db_connector_comparacion - INFO - Encontrado período de facturación: 2025-09-01
2026-02-10 16:53:58,137 - ecopetrol.db_connector_comparacion - INFO - Encontrado período de facturación: 2025-09-01
2026-02-10 16:53:58,137 - ecopetrol.db_connector_comparacion - INFO - Encontrado período de facturación: 2025-09-01
2026-02-10 16:53:58,137 - ecopetrol.db_connector_comparacion - INFO - Encontrado período de facturación: 2025-09-01
2026-02-10 16:53:58,137 - ecopetrol.db_connector_comparacion - INFO - Encontrado período de facturación: 2025-09-01
2026-02-10 16:53:58,137 - ecopetrol.db_connector_comparacion - INFO - Encontrado período de facturación: 2025-09-01
2026-02-10 16:53:58,137 - ecopetrol.db_connector_comparacion - INFO - Encontrado período de facturación: 2025-09-01
2026-02-10 16:53:58,137 - ecopetrol.db_connector_comparacion - INFO - Encontrado período de facturación: 2025-09-01
2026-02-10 16:53:58,137 - ecopetrol.db_connector_comparacion - INFO - Encontrado período de facturación: 2025-09-01
2026-02-10 16:53:58,137 - ecopetrol.db_connector_comparacion - INFO - Encontrado período de facturación: 2025-09-01
2026-02-10 16:53:58,137 - ecopetrol.db_connector_comparacion - INFO - Encontrado período de facturación: 2025-09-01
2026-02-10 16:53:58,137 - ecopetrol.db_connector_comparacion - INFO - Encontrado período de facturación: 2025-09-01
2026-02-10 16:53:58,137 - ecopetrol.db_connector_comparacion - INFO - Encontrado período de facturación: 2025-09-01
2026-02-10 16:53:58,137 - ecopetrol.db_connector_comparacion - INFO - Encontrado período de facturación: 2025-09-01
2026-02-10 16:53:58,137 - ecopetrol.db_connector_comparacion - INFO - Encontrado período de facturación: 2025-09-01
2026-02-10 16:53:58,137 - ecopetrol.db_connector_comparacion - INFO - Encontrado período de facturación: 2025-09-01
2026-02-10 16:53:58,137 - ecopetrol.db_connector_comparacion - INFO - Encontrado período de facturación: 2025-09-01
2026-02-10 16:53:58,137 - ecopetrol.db_connector_comparacion - INFO - Encontrado período de facturación: 2025-09-01
2026-02-10 16:53:58,137 - ecopetrol.db_connector_comparacion - INFO - Encontrado período de facturación: 2025-09-01
2026-02-10 16:53:58,137 - ecopetrol.db_connector_comparacion - INFO - Encontrado período de facturación: 2025-09-01
2026-02-10 16:53:58,137 - ecopetrol.db_connector_comparacion - INFO - Encontrado período de facturación: 2025-09-01
2026-02-10 16:53:58,137 - ecopetrol.db_connector_comparacion - INFO - Encontrado período de facturación: 2025-09-01
2026-02-10 16:53:58,137 - ecopetrol.db_connector_comparacion - INFO - Encontrado período de facturación: 2025-09-01
2026-02-10 16:53:58,147 - ecopetrol.db_connector_comparacion - INFO - Encontrado período de facturación: 2025-09-01
2026-02-10 16:53:58,147 - ecopetrol.db_connector_comparacion - INFO - Encontrado período de facturación: 2025-09-01
2026-02-10 16:53:58,147 - ecopetrol.db_connector_comparacion - INFO - Encontrado período de facturación: 2025-09-01
2026-02-10 16:53:58,147 - ecopetrol.db_connector_comparacion - INFO - Encontrado período de facturación: 2025-09-01
2026-02-10 16:53:58,147 - ecopetrol.db_connector_comparacion - INFO - Encontrado período de facturación: 2025-09-01
2026-02-10 16:53:58,147 - ecopetrol.db_connector_comparacion - INFO - Encontrado período de facturación: 2025-09-01
2026-02-10 16:53:58,147 - ecopetrol.db_connector_comparacion - INFO - Encontrado período de facturación: 2025-09-01
2026-02-10 16:53:58,147 - ecopetrol.db_connector_comparacion - INFO - Encontrado período de facturación: 2025-09-01
2026-02-10 16:53:58,147 - ecopetrol.db_connector_comparacion - INFO - Encontrado período de facturación: 2025-09-01
2026-02-10 16:53:58,147 - ecopetrol.db_connector_comparacion - INFO - Encontrado período de facturación: 2025-09-01
2026-02-10 16:53:58,147 - ecopetrol.db_connector_comparacion - INFO - Encontrado período de facturación: 2025-09-01
2026-02-10 16:53:58,147 - ecopetrol.db_connector_comparacion - INFO - Encontrado período de facturación: 2025-09-01
2026-02-10 16:53:58,147 - ecopetrol.db_connector_comparacion - INFO - Encontrado período de facturación: 2025-09-01
2026-02-10 16:53:58,150 - ecopetrol.db_connector_comparacion - INFO - Período procesado: 2025-09-01 a 2025-09-30
2026-02-10 16:53:58,151 - ecopetrol.db_connector_comparacion - INFO - Período procesado: 2025-09-01 a 2025-09-30
2026-02-10 16:53:58,151 - ecopetrol.db_connector_comparacion - INFO - Período procesado: 2025-09-01 a 2025-09-30
2026-02-10 16:53:58,151 - ecopetrol.db_connector_comparacion - INFO - Período procesado: 2025-09-01 a 2025-09-30
2026-02-10 16:53:58,152 - ecopetrol.db_connector_comparacion - INFO - Período procesado: 2025-09-01 a 2025-09-30
2026-02-10 16:53:58,152 - ecopetrol.db_connector_comparacion - INFO - Período procesado: 2025-09-01 a 2025-09-30
2026-02-10 16:53:58,152 - ecopetrol.db_connector_comparacion - INFO - Período procesado: 2025-09-01 a 2025-09-30
2026-02-10 16:53:58,152 - ecopetrol.db_connector_comparacion - INFO - Período procesado: 2025-09-01 a 2025-09-30
2026-02-10 16:53:58,152 - ecopetrol.db_connector_comparacion - INFO - Período procesado: 2025-09-01 a 2025-09-30
2026-02-10 16:53:58,154 - ecopetrol.db_connector_comparacion - INFO - Período procesado: 2025-09-01 a 2025-09-30
2026-02-10 16:53:58,154 - ecopetrol.db_connector_comparacion - INFO - Período procesado: 2025-09-01 a 2025-09-30
2026-02-10 16:53:58,154 - ecopetrol.db_connector_comparacion - INFO - Período procesado: 2025-09-01 a 2025-09-30
2026-02-10 16:53:58,154 - ecopetrol.db_connector_comparacion - INFO - Período procesado: 2025-09-01 a 2025-09-30
2026-02-10 16:53:58,154 - ecopetrol.db_connector_comparacion - INFO - Período procesado: 2025-09-01 a 2025-09-30
2026-02-10 16:53:58,154 - ecopetrol.db_connector_comparacion - INFO - Período procesado: 2025-09-01 a 2025-09-30
2026-02-10 16:53:58,154 - ecopetrol.db_connector_comparacion - INFO - Período procesado: 2025-09-01 a 2025-09-30
2026-02-10 16:53:58,154 - ecopetrol.db_connector_comparacion - INFO - Período procesado: 2025-09-01 a 2025-09-30
2026-02-10 16:53:58,154 - ecopetrol.db_connector_comparacion - INFO - Período procesado: 2025-09-01 a 2025-09-30
2026-02-10 16:53:58,154 - ecopetrol.db_connector_comparacion - INFO - Período procesado: 2025-09-01 a 2025-09-30
2026-02-10 16:53:58,157 - ecopetrol.db_connector_comparacion - INFO - Período procesado: 2025-09-01 a 2025-09-30
2026-02-10 16:53:58,157 - ecopetrol.db_connector_comparacion - INFO - Período procesado: 2025-09-01 a 2025-09-30
2026-02-10 16:53:58,157 - ecopetrol.db_connector_comparacion - INFO - Período procesado: 2025-09-01 a 2025-09-30
2026-02-10 16:53:58,157 - ecopetrol.db_connector_comparacion - INFO - Período procesado: 2025-09-01 a 2025-09-30
2026-02-10 16:53:58,157 - ecopetrol.db_connector_comparacion - INFO - Período procesado: 2025-09-01 a 2025-09-30
2026-02-10 16:53:58,157 - ecopetrol.db_connector_comparacion - INFO - Período procesado: 2025-09-01 a 2025-09-30
2026-02-10 16:53:58,157 - ecopetrol.db_connector_comparacion - INFO - Período procesado: 2025-09-01 a 2025-09-30
2026-02-10 16:53:58,157 - ecopetrol.db_connector_comparacion - INFO - Período procesado: 2025-09-01 a 2025-09-30
2026-02-10 16:53:58,157 - ecopetrol.db_connector_comparacion - INFO - Período procesado: 2025-09-01 a 2025-09-30
2026-02-10 16:53:58,157 - ecopetrol.db_connector_comparacion - INFO - Período procesado: 2025-09-01 a 2025-09-30
2026-02-10 16:53:58,157 - ecopetrol.db_connector_comparacion - INFO - Período procesado: 2025-09-01 a 2025-09-30
2026-02-10 16:53:58,157 - ecopetrol.db_connector_comparacion - INFO - Período procesado: 2025-09-01 a 2025-09-30
2026-02-10 16:53:58,157 - ecopetrol.db_connector_comparacion - INFO - Período procesado: 2025-09-01 a 2025-09-30
2026-02-10 16:53:58,157 - ecopetrol.db_connector_comparacion - INFO - Período procesado: 2025-09-01 a 2025-09-30
2026-02-10 16:53:58,157 - ecopetrol.db_connector_comparacion - INFO - Período procesado: 2025-09-01 a 2025-09-30
2026-02-10 16:53:58,157 - ecopetrol.db_connector_comparacion - INFO - Período procesado: 2025-09-01 a 2025-09-30
2026-02-10 16:53:58,157 - ecopetrol.db_connector_comparacion - INFO - Período procesado: 2025-09-01 a 2025-09-30
2026-02-10 16:53:58,157 - ecopetrol.db_connector_comparacion - INFO - Período procesado: 2025-09-01 a 2025-09-30
2026-02-10 16:53:58,157 - ecopetrol.db_connector_comparacion - INFO - Período procesado: 2025-09-01 a 2025-09-30
2026-02-10 16:53:58,157 - ecopetrol.db_connector_comparacion - INFO - Período procesado: 2025-09-01 a 2025-09-30
2026-02-10 16:53:58,157 - ecopetrol.db_connector_comparacion - INFO - Período procesado: 2025-09-01 a 2025-09-30
2026-02-10 16:53:58,157 - ecopetrol.db_connector_comparacion - INFO - Período procesado: 2025-09-01 a 2025-09-30
2026-02-10 16:53:58,157 - ecopetrol.db_connector_comparacion - INFO - Período procesado: 2025-09-01 a 2025-09-30
2026-02-10 16:53:58,157 - ecopetrol.db_connector_comparacion - INFO - Período procesado: 2025-09-01 a 2025-09-30
2026-02-10 16:53:58,157 - ecopetrol.db_connector_comparacion - INFO - Período procesado: 2025-09-01 a 2025-09-30
2026-02-10 16:53:58,157 - ecopetrol.db_connector_comparacion - INFO - Período procesado: 2025-09-01 a 2025-09-30
2026-02-10 16:53:58,157 - ecopetrol.db_connector_comparacion - INFO - Período procesado: 2025-09-01 a 2025-09-30
2026-02-10 16:53:58,157 - ecopetrol.db_connector_comparacion - INFO - Período procesado: 2025-09-01 a 2025-09-30
2026-02-10 16:53:58,157 - ecopetrol.db_connector_comparacion - INFO - Período procesado: 2025-09-01 a 2025-09-30
2026-02-10 16:53:58,157 - ecopetrol.db_connector_comparacion - INFO - Período procesado: 2025-09-01 a 2025-09-30
2026-02-10 16:53:58,157 - ecopetrol.db_connector_comparacion - INFO - Período procesado: 2025-09-01 a 2025-09-30
2026-02-10 16:53:58,157 - ecopetrol.db_connector_comparacion - INFO - Período procesado: 2025-09-01 a 2025-09-30
2026-02-10 16:53:58,165 - ecopetrol.db_connector_comparacion - INFO - Período procesado: 2025-09-01 a 2025-09-30
2026-02-10 16:53:58,165 - ecopetrol.db_connector_comparacion - INFO - Período procesado: 2025-09-01 a 2025-09-30
2026-02-10 16:53:58,165 - ecopetrol.db_connector_comparacion - INFO - Período procesado: 2025-09-01 a 2025-09-30
2026-02-10 16:53:58,165 - ecopetrol.db_connector_comparacion - INFO - Período procesado: 2025-09-01 a 2025-09-30
2026-02-10 16:53:58,166 - ecopetrol.db_connector_comparacion - INFO - Período procesado: 2025-09-01 a 2025-09-30
2026-02-10 16:53:58,166 - ecopetrol.db_connector_comparacion - INFO - Período procesado: 2025-09-01 a 2025-09-30
2026-02-10 16:53:58,166 - ecopetrol.db_connector_comparacion - INFO - Período procesado: 2025-09-01 a 2025-09-30
2026-02-10 16:53:58,167 - ecopetrol.db_connector_comparacion - INFO - Período procesado: 2025-09-01 a 2025-09-30
2026-02-10 16:53:58,167 - ecopetrol.db_connector_comparacion - INFO - Período procesado: 2025-09-01 a 2025-09-30
2026-02-10 16:53:58,167 - ecopetrol.db_connector_comparacion - INFO - Período procesado: 2025-09-01 a 2025-09-30
2026-02-10 16:53:58,168 - ecopetrol.db_connector_comparacion - INFO - Período procesado: 2025-09-01 a 2025-09-30
2026-02-10 16:53:58,168 - ecopetrol.db_connector_comparacion - INFO - Período procesado: 2025-09-01 a 2025-09-30
2026-02-10 16:53:58,168 - ecopetrol.db_connector_comparacion - INFO - Período procesado: 2025-09-01 a 2025-09-30
2026-02-10 16:53:58,168 - ecopetrol.db_connector_comparacion - INFO - Período procesado: 2025-09-01 a 2025-09-30
2026-02-10 16:53:58,168 - ecopetrol.db_connector_comparacion - INFO - Período procesado: 2025-09-01 a 2025-09-30
2026-02-10 16:53:58,168 - ecopetrol.db_connector_comparacion - INFO - Período procesado: 2025-09-01 a 2025-09-30
2026-02-10 16:53:58,168 - ecopetrol.db_connector_comparacion - INFO - Período procesado: 2025-09-01 a 2025-09-30
2026-02-10 16:53:58,168 - ecopetrol.db_connector_comparacion - INFO - Período procesado: 2025-09-01 a 2025-09-30
2026-02-10 16:53:58,168 - ecopetrol.db_connector_comparacion - INFO - Período procesado: 2025-09-01 a 2025-09-30
2026-02-10 16:53:58,168 - ecopetrol.db_connector_comparacion - INFO - Período procesado: 2025-09-01 a 2025-09-30
2026-02-10 16:53:58,168 - ecopetrol.db_connector_comparacion - INFO - Período procesado: 2025-09-01 a 2025-09-30
2026-02-10 16:53:58,168 - ecopetrol.db_connector_comparacion - INFO - Rango de fechas final: 2025-09-01 a 2025-09-30
2026-02-10 16:53:58,168 - ecopetrol.db_connector_consultas - INFO - Consultando facturas con fechas: 2025-09-01 a 2025-09-30
2026-02-10 16:53:58,168 - ecopetrol.db_connector_consultas - INFO - Filtrando por fronteras: Frt18951, Frt08513, CFP11002, Frt07999, Frt76524, Frt72653, Frt02228, Frt02918, Frt33506, Frt56504, Frt14461, CFP05038, Frt05857, Frt11545, Frt04803, Frt18613, Frt10098, Frt05004, Frt03821, Frt03281, Frt01505, Frt10407, Frt10408, Frt04682, Frt04683, Frt07854, Frt28759, Frt65599, Frt00698, Frt10931, Frt00697, Frt11417, Frt03216, Frt01251, Frt10978, Frt24980, Frt04445, Frt07008, Frt00970, Frt05713, Frt04201, Frt10187, Frt05697, Frt11029, Frt11030, Frt00931, CFP24041, Frt43161, Frt26867, Frt29202, Frt51795, Frt21285, Frt00696, Frt06573, Frt54174, Frt25832, Frt27767, Frt27768, Frt05349, CFP05348, Frt29199, Frt05144, Frt04759, Frt04760, Frt04761, Frt00699, Frt06510, Frt04999, Frt26501, Frt02973, Frt00622, Frt26493
2026-02-10 16:53:58,776 - ecopetrol.db_connector_consultas - INFO - Conexión a la base de datos establecida
2026-02-10 16:53:58,776 - ecopetrol.db_connector_utils - INFO - Ejecutando consulta: SELECT frontera as frt, factura_dian as factura, v_consumo_energia_ajustado as subtotal_energía_total, v_contribucion + v_consumo_energia_ajustado + v_contribucion_otros_meses as subtotal_energía_cont...
2026-02-10 16:53:58,776 - ecopetrol.db_connector_utils - INFO - Con parámetros: ['2025-09-01', '2025-09-30', 'Frt18951', 'Frt08513', 'CFP11002'] y 69 más
2026-02-10 16:54:00,645 - ecopetrol.db_connector_consultas - INFO - Consulta ejecutada. Resultados: 72
2026-02-10 16:54:00,667 - ecopetrol.db_connector_utils - INFO - Se obtuvieron 72 registros de la base de datos
2026-02-10 16:54:00,679 - ecopetrol.db_connector_utils - INFO - Fronteras encontradas en la base de datos: ['Frt33506', 'Frt26501', 'CFP05038', 'Frt00696', 'CFP24041', 'Frt00622', 'Frt00931', 'Frt00697', 'Frt00698', 'Frt00699', 'Frt00970', 'Frt01505', 'Frt02228', 'Frt02973', 'Frt03216', 'Frt03281', 'Frt03821', 'Frt04201', 'Frt04445', 'Frt04682', 'Frt04683', 'Frt04759', 'Frt04999', 'Frt04760', 'Frt04761', 'Frt04803', 'Frt05004', 'Frt05713', 'Frt05144', 'Frt05697', 'Frt05857', 'Frt06510', 'Frt06573', 'Frt07008', 'Frt07854', 'Frt07999', 'Frt08513', 'Frt10098', 'Frt56504', 'Frt10407', 'Frt10408', 'Frt10931', 'Frt10978', 'Frt11029', 'Frt11030', 'Frt11417', 'Frt11545', 'Frt18613', 'Frt18951', 'Frt21285', 'Frt24980', 'Frt25832', 'Frt26493', 'Frt26867', 'Frt28759', 'Frt29199', 'Frt27768', 'Frt29202', 'Frt43161', 'Frt51795', 'Frt10187', 'Frt54174', 'Frt14461', 'Frt65599', 'Frt02918', 'Frt76524', 'Frt01251', 'CFP11002', 'CFP05348', 'Frt05349', 'Frt27767', 'Frt72653']
2026-02-10 16:54:01,158 - ecopetrol.exportacion_batch - INFO - Se agregó hoja de comparación con 4320 registros
2026-02-10 16:54:01,620 - ecopetrol.exportacion_batch - INFO - Archivo Excel consolidado creado: C:/Users/jcespedes/Documents/Code/desarrollo/Prefacturas septiembre tx0\resultados\facturas_analizadas.xlsx
2026-02-10 16:54:01,620 - ecopetrol.main - INFO - Se ha creado el archivo Excel consolidado: C:/Users/jcespedes/Documents/Code/desarrollo/Prefacturas septiembre tx0\resultados\facturas_analizadas.xlsx
